[debug] [2025-01-17T10:29:06.832Z] ----------------------------------------------------------------------
[debug] [2025-01-17T10:29:06.834Z] Command:       /home/erginadimitraina/.nvm/versions/node/v22.12.0/bin/node /home/erginadimitraina/.nvm/versions/node/v22.12.0/bin/firebase init
[debug] [2025-01-17T10:29:06.835Z] CLI Version:   13.29.1
[debug] [2025-01-17T10:29:06.835Z] Platform:      linux
[debug] [2025-01-17T10:29:06.835Z] Node Version:  v22.12.0
[debug] [2025-01-17T10:29:06.835Z] Time:          Fri Jan 17 2025 12:29:06 GMT+0200 (Eastern European Standard Time)
[debug] [2025-01-17T10:29:06.835Z] ----------------------------------------------------------------------
[debug] 
[debug] [2025-01-17T10:29:06.840Z] > command requires scopes: ["email","openid","https://www.googleapis.com/auth/cloudplatformprojects.readonly","https://www.googleapis.com/auth/firebase","https://www.googleapis.com/auth/cloud-platform"]
[debug] [2025-01-17T10:29:06.841Z] > authorizing via signed-in user (edimit03@gmail.com)
[info] 
     ######## #### ########  ######## ########     ###     ######  ########
     ##        ##  ##     ## ##       ##     ##  ##   ##  ##       ##
     ######    ##  ########  ######   ########  #########  ######  ######
     ##        ##  ##    ##  ##       ##     ## ##     ##       ## ##
     ##       #### ##     ## ######## ########  ##     ##  ######  ########

You're about to initialize a Firebase project in this directory:

  /home/erginadimitraina/NTANTADES-GOV-1

[info] 
=== Project Setup
[info] 
[info] First, let's associate this project directory with a Firebase project.
[info] You can create multiple project aliases by running firebase use --add, 
[info] but for now we'll just set up a default project.
[info] 
[info] i  If you want to create a project in a Google Cloud organization or folder, please use "firebase projects:create" instead, and return to this command when you've created the project. 
